c:\users\niko\desktop\cornell-box\cornell-box\x64\debug\vc143.pdb
c:\users\niko\desktop\cornell-box\cornell-box\x64\debug\vc143.idb
c:\users\niko\desktop\cornell-box\cornell-box\x64\debug\view.obj
c:\users\niko\desktop\cornell-box\cornell-box\x64\debug\texture_loader.obj
c:\users\niko\desktop\cornell-box\cornell-box\x64\debug\obj_loader.obj
c:\users\niko\desktop\cornell-box\cornell-box\x64\debug\model.obj
c:\users\niko\desktop\cornell-box\cornell-box\x64\debug\material.obj
c:\users\niko\desktop\cornell-box\cornell-box\x64\debug\main.obj
c:\users\niko\desktop\cornell-box\cornell-box\x64\debug\glinit.obj
c:\users\niko\desktop\cornell-box\cornell-box\x64\debug\control.obj
c:\users\niko\desktop\cornell-box\cornell-box\x64\debug\camera.obj
c:\users\niko\desktop\cornell-box\x64\debug\assimp-vc143-mtd.dll
c:\users\niko\desktop\cornell-box\x64\debug\poly2tri.dll
c:\users\niko\desktop\cornell-box\x64\debug\minizip.dll
c:\users\niko\desktop\cornell-box\x64\debug\zlibd1.dll
c:\users\niko\desktop\cornell-box\x64\debug\pugixml.dll
c:\users\niko\desktop\cornell-box\x64\debug\glew32d.dll
c:\users\niko\desktop\cornell-box\x64\debug\sdl2d.dll
c:\users\niko\desktop\cornell-box\x64\debug\cornell-box.exe
c:\users\niko\desktop\cornell-box\x64\debug\cornell-box.pdb
c:\users\niko\desktop\cornell-box\cornell-box\x64\debug\cornell-box.ilk
c:\users\niko\desktop\cornell-box\cornell-box\x64\debug\cornell-box.tlog\cl.command.1.tlog
c:\users\niko\desktop\cornell-box\cornell-box\x64\debug\cornell-box.tlog\cl.items.tlog
c:\users\niko\desktop\cornell-box\cornell-box\x64\debug\cornell-box.tlog\cl.read.1.tlog
c:\users\niko\desktop\cornell-box\cornell-box\x64\debug\cornell-box.tlog\cl.write.1.tlog
c:\users\niko\desktop\cornell-box\cornell-box\x64\debug\cornell-box.tlog\cornell-box.write.1u.tlog
c:\users\niko\desktop\cornell-box\cornell-box\x64\debug\cornell-box.tlog\link.command.1.tlog
c:\users\niko\desktop\cornell-box\cornell-box\x64\debug\cornell-box.tlog\link.read.1.tlog
c:\users\niko\desktop\cornell-box\cornell-box\x64\debug\cornell-box.tlog\link.secondary.1.tlog
c:\users\niko\desktop\cornell-box\cornell-box\x64\debug\cornell-box.tlog\link.write.1.tlog
